C:\Program Files (x86)\Microsoft Visual Studio\2019\Community\MSBuild\Microsoft\VC\v160\Microsoft.CppBuild.targets(444,5): warning MSB8004: Intermediate Directory does not end with a trailing slash.  This build instance will add the slash as it is required to allow proper evaluation of the Intermediate Directory.
C:\Program Files (x86)\Microsoft Visual Studio\2019\Community\MSBuild\Microsoft\VC\v160\Microsoft.CppBuild.targets(445,5): warning MSB8004: Output Directory does not end with a trailing slash.  This build instance will add the slash as it is required to allow proper evaluation of the Output Directory.
  main.cpp
D:\dev\PAMSI\projekt1\project_1\project_1\header files\Array.h(162,13): warning C4244: 'argument': conversion from 'time_t' to 'unsigned int', possible loss of data
D:\dev\PAMSI\projekt1\project_1\project_1\source files\main.cpp(197,22): warning C4305: 'argument': truncation from 'double' to 'float'
D:\dev\PAMSI\projekt1\project_1\project_1\source files\main.cpp(206,22): warning C4305: 'argument': truncation from 'double' to 'float'
D:\dev\PAMSI\projekt1\project_1\project_1\source files\main.cpp(215,22): warning C4305: 'argument': truncation from 'double' to 'float'
D:\dev\PAMSI\projekt1\project_1\project_1\header files\Array.h(162,12): warning C4244: 'argument': conversion from 'time_t' to 'unsigned int', possible loss of data
D:\dev\PAMSI\projekt1\project_1\project_1\header files\Array.h(161): message : while compiling class template member function 'void Array<int,100000>::random(float)'
D:\dev\PAMSI\projekt1\project_1\project_1\source files\main.cpp(17): message : see reference to function template instantiation 'void Array<int,100000>::random(float)' being compiled
D:\dev\PAMSI\projekt1\project_1\project_1\source files\main.cpp(9): message : see reference to class template instantiation 'Array<int,100000>' being compiled
C:\Program Files (x86)\Microsoft Visual Studio\2019\Community\VC\Tools\MSVC\14.24.28314\include\chrono(632): message : see reference to class template instantiation 'std::chrono::duration<double,std::ratio<1,1>>' being compiled
C:\Program Files (x86)\Microsoft Visual Studio\2019\Community\VC\Tools\MSVC\14.24.28314\include\chrono(178): message : see reference to class template instantiation 'std::chrono::duration<__int64,std::nano>' being compiled
C:\Program Files (x86)\Microsoft Visual Studio\2019\Community\VC\Tools\MSVC\14.24.28314\include\chrono(610): message : see reference to class template instantiation 'std::chrono::time_point<std::chrono::steady_clock,std::chrono::nanoseconds>' being compiled
D:\dev\PAMSI\projekt1\project_1\project_1\header files\Array.h(167,38): warning C4244: 'argument': conversion from 'double' to 'int', possible loss of data
  Generating code
  1 of 59 functions ( 1.7%) were compiled, the rest were copied from previous compilation.
    0 functions were new in current compilation
    1 functions had inline decision re-evaluated but remain unchanged
  Finished generating code
  project_1.vcxproj -> D:\dev\PAMSI\projekt1\project_1\bin\Win32\Release\project_1.exe
